<?xml version="1.0" encoding="UTF-8"?>
<testsuite xmlns:xsi="http://www.w3.org/2001/XMLSchema-instance" xsi:noNamespaceSchemaLocation="https://maven.apache.org/surefire/maven-surefire-plugin/xsd/surefire-test-report-3.0.xsd" version="3.0" name="TestSuite" time="479.819" tests="32" errors="0" skipped="0" failures="19">
  <properties>
[...]
</properties>
  <testcase name="runScenario[&quot;Cart&quot;, &quot;Cart feature&quot;](1)" classname="TestRunner.TestRunner" time="16.3">
    <failure message="items move to cart failed" type="java.lang.AssertionError"><![CDATA[java.lang.AssertionError: items move to cart failed
	at org.testng.Assert.fail(Assert.java:110)
	at StepDefinitions.Cart.user_clicks_on_move_to_cart(Cart.java:47)
	at ✽.user clicks on move to cart(file:///D:/Downloads/SelAssessment/Features/Cart.feature:18)
]]></failure>
    <system-out><![CDATA[-----------------------------------------------------------------------------------
| CLEANUP PROCESS BEFORE TEST SUITE                       |         |SUCCESS      |
-----------------------------------------------------------------------------------
| TEST         | STEPS                                    | RESULT  |VALIDATION   |
-----------------------------------------------------------------------------------
| CART         |                                                                  |
|              | HOMEPAGE                                 | PASS    |             |
|              | LOGIN                                    | PASS    |             |
|              | MENU BAR ITEM                            | PASS    |             |
|              | ENTER ITEM                               | PASS    |             |
|              | SEARCH ITEM                              | PASS    |             |
|              | ADD TO WISHLIST                          | PASS    |             |
|              | ENTER ITEM                               | PASS    |             |
|              | SEARCH ITEM                              | PASS    |             |
|              | ADD TO WISHLIST                          | PASS    |             |
|              | GO TO WISHLIST                           | PASS    |             |
|              | MOVE TO CART                             | FAIL    |             |
|              | CLEANUP CART                             | PASS    |             |
|              | CLEANUP WISHLIST                         | PASS    |             |
|              | LOGOUT                                   | PASS    |             |
-----------------------------------------------------------------------------------
]]></system-out>
    <system-err><![CDATA[SLF4J: Failed to load class "org.slf4j.impl.StaticLoggerBinder".
SLF4J: Defaulting to no-operation (NOP) logger implementation
SLF4J: See http://www.slf4j.org/codes.html#StaticLoggerBinder for further details.
Starting Microsoft Edge WebDriver 112.0.1722.64 (28b771e297ed78ce970c7e059bb87fe0ca0e66c1) on port 44402
To submit feedback, report a bug, or suggest new features, please visit https://github.com/MicrosoftEdge/EdgeWebDriver

Only local connections are allowed.
Please see https://aka.ms/WebDriverSecurity for suggestions on keeping Microsoft Edge WebDriver safe.

Microsoft Edge WebDriver was started successfully.
]]></system-err>
  </testcase>
  <testcase name="runScenario[&quot;Cart&quot;, &quot;Cart feature&quot;](2)" classname="TestRunner.TestRunner" time="17.204">
    <failure message="items move to cart failed" type="java.lang.AssertionError"><![CDATA[java.lang.AssertionError: items move to cart failed
	at org.testng.Assert.fail(Assert.java:110)
	at StepDefinitions.Cart.user_clicks_on_move_to_cart(Cart.java:47)
	at ✽.user clicks on move to cart(file:///D:/Downloads/SelAssessment/Features/Cart.feature:18)
]]></failure>
    <system-out><![CDATA[-----------------------------------------------------------------------------------
| CART         |                                                                  |
|              | HOMEPAGE                                 | PASS    |             |
|              | LOGIN                                    | PASS    |             |
|              | MENU BAR ITEM                            | PASS    |             |
|              | ENTER ITEM                               | PASS    |             |
|              | SEARCH ITEM                              | PASS    |             |
|              | ADD TO WISHLIST                          | PASS    |             |
|              | ENTER ITEM                               | PASS    |             |
|              | SEARCH ITEM                              | PASS    |             |
|              | ADD TO WISHLIST                          | PASS    |             |
|              | GO TO WISHLIST                           | PASS    |             |
|              | MOVE TO CART                             | FAIL    |             |
|              | CLEANUP CART                             | PASS    |             |
|              | CLEANUP WISHLIST                         | PASS    |             |
|              | LOGOUT                                   | PASS    |             |
-----------------------------------------------------------------------------------
]]></system-out>
  </testcase>
  <testcase name="runScenario[&quot;Cart&quot;, &quot;Cart feature&quot;](3)" classname="TestRunner.TestRunner" time="43.594">
    <failure message="Exception in adding to wishlist" type="java.lang.AssertionError"><![CDATA[java.lang.AssertionError: Exception in adding to wishlist
	at org.testng.Assert.fail(Assert.java:110)
	at StepDefinitions.Wishlist.user_will_add_to_wishlist(Wishlist.java:41)
	at ✽.user will add to wishlist(file:///D:/Downloads/SelAssessment/Features/Cart.feature:13)
]]></failure>
    <system-out><![CDATA[-----------------------------------------------------------------------------------
| CART         |                                                                  |
|              | HOMEPAGE                                 | PASS    |             |
|              | LOGIN                                    | PASS    |             |
|              | MENU BAR ITEM                            | PASS    |             |
|              | ENTER ITEM                               | PASS    |             |
|              | SEARCH ITEM                              | PASS    |             |
|              | ADD TO WISHLIST                          | FAIL    |             |
|              | CLEANUP CART                             | PASS    |             |
|              | CLEANUP WISHLIST                         | PASS    |             |
|              | LOGOUT                                   | PASS    |             |
-----------------------------------------------------------------------------------
]]></system-out>
  </testcase>
  <testcase name="runScenario[&quot;Validate menu item&quot;, &quot;Menu Functionality&quot;](4)" classname="TestRunner.TestRunner" time="7.229">
    <system-out><![CDATA[-----------------------------------------------------------------------------------
| HEADER MENU  |                                                                  |
|              | HOMEPAGE                                 | PASS    |             |
|              | SELECT HEADER CATEGORY                   | PASS    |             |
|              | VALIDATE ON ITEM PAGE                    | PASS    |SUCCESS      |
]]></system-out>
  </testcase>
  <testcase name="runScenario[&quot;Validate menu item&quot;, &quot;Menu Functionality&quot;](5)" classname="TestRunner.TestRunner" time="3.268">
    <system-out><![CDATA[-----------------------------------------------------------------------------------
| HEADER MENU  |                                                                  |
|              | HOMEPAGE                                 | PASS    |             |
|              | SELECT HEADER CATEGORY                   | PASS    |             |
|              | VALIDATE ON ITEM PAGE                    | PASS    |SUCCESS      |
]]></system-out>
  </testcase>
  <testcase name="runScenario[&quot;Validate menu item&quot;, &quot;Menu Functionality&quot;](6)" classname="TestRunner.TestRunner" time="1.102">
    <failure message="Exception in Validating Items" type="java.lang.AssertionError"><![CDATA[java.lang.AssertionError: Exception in Validating Items
	at org.testng.Assert.fail(Assert.java:110)
	at StepDefinitions.HeaderMenu.user_should_be_able_to_navigate_to_the_item_page(HeaderMenu.java:49)
	at ✽.user should be able to navigate to the item page(file:///D:/Downloads/SelAssessment/Features/HeaderMenu.feature:11)
]]></failure>
    <system-out><![CDATA[-----------------------------------------------------------------------------------
| HEADER MENU  |                                                                  |
|              | HOMEPAGE                                 | PASS    |             |
|              | SELECT HEADER CATEGORY                   | PASS    |             |
|              | VALIDATE ON ITEM PAGE                    | FAIL    |FAILURE      |
]]></system-out>
  </testcase>
  <testcase name="runScenario[&quot;Validate menu item&quot;, &quot;Menu Functionality&quot;](7)" classname="TestRunner.TestRunner" time="1.115">
    <system-out><![CDATA[-----------------------------------------------------------------------------------
| HEADER MENU  |                                                                  |
|              | HOMEPAGE                                 | PASS    |             |
|              | SELECT HEADER CATEGORY                   | PASS    |             |
|              | VALIDATE ON ITEM PAGE                    | PASS    |SUCCESS      |
]]></system-out>
  </testcase>
  <testcase name="runScenario[&quot;Validate menu item&quot;, &quot;Menu Functionality&quot;](8)" classname="TestRunner.TestRunner" time="10.507">
    <failure message="Header Category not selected" type="java.lang.AssertionError"><![CDATA[java.lang.AssertionError: Header Category not selected
	at org.testng.Assert.fail(Assert.java:110)
	at StepDefinitions.HeaderMenu.user_clicks_on_menu_bar_item(HeaderMenu.java:34)
	at ✽.user clicks on menu bar item "invalid"(file:///D:/Downloads/SelAssessment/Features/HeaderMenu.feature:10)
]]></failure>
    <system-out><![CDATA[-----------------------------------------------------------------------------------
| HEADER MENU  |                                                                  |
|              | HOMEPAGE                                 | PASS    |             |
|              | SELECT HEADER CATEGORY                   | FAIL    |             |
]]></system-out>
  </testcase>
  <testcase name="runScenario[&quot;Validate Products&quot;, &quot;Menu Functionality&quot;](9)" classname="TestRunner.TestRunner" time="1.774">
    <system-out><![CDATA[-----------------------------------------------------------------------------------
| HEADER MENU  |                                                                  |
|              | HOMEPAGE                                 | PASS    |             |
|              | SELECT HEADER CATEGORY                   | PASS    |             |
|              | VALIDATE ON ITEM PAGE                    | PASS    |SUCCESS      |
|              | VALIDATE PRODUCT                         | PASS    |SUCCESS      |
]]></system-out>
  </testcase>
  <testcase name="runScenario[&quot;Validate Products&quot;, &quot;Menu Functionality&quot;](10)" classname="TestRunner.TestRunner" time="1.227">
    <system-out><![CDATA[-----------------------------------------------------------------------------------
| HEADER MENU  |                                                                  |
|              | HOMEPAGE                                 | PASS    |             |
|              | SELECT HEADER CATEGORY                   | PASS    |             |
|              | VALIDATE ON ITEM PAGE                    | PASS    |SUCCESS      |
|              | VALIDATE PRODUCT                         | PASS    |SUCCESS      |
]]></system-out>
  </testcase>
  <testcase name="runScenario[&quot;Validate Products&quot;, &quot;Menu Functionality&quot;](11)" classname="TestRunner.TestRunner" time="2.008">
    <failure message="The product camera with 3D pixels given does not exist in category Kids Wear" type="java.lang.AssertionError"><![CDATA[java.lang.AssertionError: The product camera with 3D pixels given does not exist in category Kids Wear
	at org.testng.Assert.fail(Assert.java:110)
	at StepDefinitions.HeaderMenu.validate_the_product_present_with_and_and(HeaderMenu.java:76)
	at ✽.validate the product present with "camera with 3D pixels" and "$990.00" and "2569"(file:///D:/Downloads/SelAssessment/Features/HeaderMenu.feature:26)
]]></failure>
    <system-out><![CDATA[-----------------------------------------------------------------------------------
| HEADER MENU  |                                                                  |
|              | HOMEPAGE                                 | PASS    |             |
|              | SELECT HEADER CATEGORY                   | PASS    |             |
|              | VALIDATE ON ITEM PAGE                    | PASS    |SUCCESS      |
|              | VALIDATE PRODUCT                         | PASS    |FAILURE      |
]]></system-out>
  </testcase>
  <testcase name="runScenario[&quot;Validate menu item&quot;, &quot;Left Menu functionality&quot;](12)" classname="TestRunner.TestRunner" time="2.727">
    <system-out><![CDATA[-----------------------------------------------------------------------------------
| LEFT MENU    |                                                                  |
|              | HOMEPAGE                                 | PASS    |             |
|              | MENU BAR ITEM                            | PASS    |             |
|              | SELECT LEFT MENU CATEGORY                | PASS    |             |
|              | VALIDATE COUNT ON ITEM PAGE              | PASS    |SUCCESS      |
]]></system-out>
  </testcase>
  <testcase name="runScenario[&quot;Validate menu item&quot;, &quot;Left Menu functionality&quot;](13)" classname="TestRunner.TestRunner" time="1.683">
    <system-out><![CDATA[-----------------------------------------------------------------------------------
| LEFT MENU    |                                                                  |
|              | HOMEPAGE                                 | PASS    |             |
|              | MENU BAR ITEM                            | PASS    |             |
|              | SELECT LEFT MENU CATEGORY                | PASS    |             |
|              | VALIDATE COUNT ON ITEM PAGE              | PASS    |SUCCESS      |
]]></system-out>
  </testcase>
  <testcase name="runScenario[&quot;Validate menu item&quot;, &quot;Left Menu functionality&quot;](14)" classname="TestRunner.TestRunner" time="11.387">
    <failure message="Left menu category not selected" type="java.lang.AssertionError"><![CDATA[java.lang.AssertionError: Left menu category not selected
	at org.testng.Assert.fail(Assert.java:110)
	at StepDefinitions.LeftMenu.user_clicks_on_left_menu_item(LeftMenu.java:36)
	at ✽.user clicks on left menu item "Furniture"(file:///D:/Downloads/SelAssessment/Features/LeftMenu.feature:11)
]]></failure>
    <system-out><![CDATA[-----------------------------------------------------------------------------------
| LEFT MENU    |                                                                  |
|              | HOMEPAGE                                 | PASS    |             |
|              | MENU BAR ITEM                            | PASS    |             |
|              | SELECT LEFT MENU CATEGORY                | FAIL    |             |
]]></system-out>
  </testcase>
  <testcase name="runScenario[&quot;Validate menu item&quot;, &quot;Left Menu functionality&quot;](15)" classname="TestRunner.TestRunner" time="1.914">
    <system-out><![CDATA[-----------------------------------------------------------------------------------
| LEFT MENU    |                                                                  |
|              | HOMEPAGE                                 | PASS    |             |
|              | MENU BAR ITEM                            | PASS    |             |
|              | SELECT LEFT MENU CATEGORY                | PASS    |             |
|              | VALIDATE COUNT ON ITEM PAGE              | PASS    |SUCCESS      |
]]></system-out>
  </testcase>
  <testcase name="runScenario[&quot;Validate menu item&quot;, &quot;Left Menu functionality&quot;](16)" classname="TestRunner.TestRunner" time="1.83">
    <system-out><![CDATA[-----------------------------------------------------------------------------------
| LEFT MENU    |                                                                  |
|              | HOMEPAGE                                 | PASS    |             |
|              | MENU BAR ITEM                            | PASS    |             |
|              | SELECT LEFT MENU CATEGORY                | PASS    |             |
|              | VALIDATE COUNT ON ITEM PAGE              | PASS    |SUCCESS      |
]]></system-out>
  </testcase>
  <testcase name="runScenario[&quot;Validate menu item&quot;, &quot;Left Menu functionality&quot;](17)" classname="TestRunner.TestRunner" time="11.485">
    <failure message="Left menu category not selected" type="java.lang.AssertionError"><![CDATA[java.lang.AssertionError: Left menu category not selected
	at org.testng.Assert.fail(Assert.java:110)
	at StepDefinitions.LeftMenu.user_clicks_on_left_menu_item(LeftMenu.java:36)
	at ✽.user clicks on left menu item "invalid"(file:///D:/Downloads/SelAssessment/Features/LeftMenu.feature:11)
]]></failure>
    <system-out><![CDATA[-----------------------------------------------------------------------------------
| LEFT MENU    |                                                                  |
|              | HOMEPAGE                                 | PASS    |             |
|              | MENU BAR ITEM                            | PASS    |             |
|              | SELECT LEFT MENU CATEGORY                | FAIL    |             |
]]></system-out>
  </testcase>
  <testcase name="runScenario[&quot;Order&quot;, &quot;Order&quot;](18)" classname="TestRunner.TestRunner" time="24.011">
    <failure message="items move to cart failed" type="java.lang.AssertionError"><![CDATA[java.lang.AssertionError: items move to cart failed
	at org.testng.Assert.fail(Assert.java:110)
	at StepDefinitions.Cart.user_clicks_on_move_to_cart(Cart.java:47)
	at ✽.user clicks on move to cart(file:///D:/Downloads/SelAssessment/Features/Order.feature:19)
]]></failure>
    <system-out><![CDATA[-----------------------------------------------------------------------------------
| ORDER        |                                                                  |
|              | HOMEPAGE                                 | PASS    |             |
|              | LOGIN                                    | PASS    |             |
|              | MENU BAR ITEM                            | PASS    |             |
|              | ENTER ITEM                               | PASS    |             |
|              | SEARCH ITEM                              | PASS    |             |
|              | ADD TO WISHLIST                          | PASS    |             |
|              | ENTER ITEM                               | PASS    |             |
|              | SEARCH ITEM                              | PASS    |             |
|              | ADD TO WISHLIST                          | PASS    |             |
|              | GO TO WISHLIST                           | PASS    |             |
|              | MOVE TO CART                             | FAIL    |             |
|              | CLEANUP CART                             | PASS    |             |
|              | CLEANUP WISHLIST                         | PASS    |             |
|              | LOGOUT                                   | PASS    |             |
-----------------------------------------------------------------------------------
]]></system-out>
  </testcase>
  <testcase name="runScenario[&quot;Order&quot;, &quot;Order&quot;](19)" classname="TestRunner.TestRunner" time="17.789">
    <failure message="items move to cart failed" type="java.lang.AssertionError"><![CDATA[java.lang.AssertionError: items move to cart failed
	at org.testng.Assert.fail(Assert.java:110)
	at StepDefinitions.Cart.user_clicks_on_move_to_cart(Cart.java:47)
	at ✽.user clicks on move to cart(file:///D:/Downloads/SelAssessment/Features/Order.feature:19)
]]></failure>
    <system-out><![CDATA[-----------------------------------------------------------------------------------
| ORDER        |                                                                  |
|              | HOMEPAGE                                 | PASS    |             |
|              | LOGIN                                    | PASS    |             |
|              | MENU BAR ITEM                            | PASS    |             |
|              | ENTER ITEM                               | PASS    |             |
|              | SEARCH ITEM                              | PASS    |             |
|              | ADD TO WISHLIST                          | PASS    |             |
|              | ENTER ITEM                               | PASS    |             |
|              | SEARCH ITEM                              | PASS    |             |
|              | ADD TO WISHLIST                          | PASS    |             |
|              | GO TO WISHLIST                           | PASS    |             |
|              | MOVE TO CART                             | FAIL    |             |
|              | CLEANUP CART                             | PASS    |             |
|              | CLEANUP WISHLIST                         | PASS    |             |
|              | LOGOUT                                   | PASS    |             |
-----------------------------------------------------------------------------------
]]></system-out>
  </testcase>
  <testcase name="runScenario[&quot;Order&quot;, &quot;Order&quot;](20)" classname="TestRunner.TestRunner" time="17.874">
    <failure message="items move to cart failed" type="java.lang.AssertionError"><![CDATA[java.lang.AssertionError: items move to cart failed
	at org.testng.Assert.fail(Assert.java:110)
	at StepDefinitions.Cart.user_clicks_on_move_to_cart(Cart.java:47)
	at ✽.user clicks on move to cart(file:///D:/Downloads/SelAssessment/Features/Order.feature:19)
]]></failure>
    <system-out><![CDATA[-----------------------------------------------------------------------------------
| ORDER        |                                                                  |
|              | HOMEPAGE                                 | PASS    |             |
|              | LOGIN                                    | PASS    |             |
|              | MENU BAR ITEM                            | PASS    |             |
|              | ENTER ITEM                               | PASS    |             |
|              | SEARCH ITEM                              | PASS    |             |
|              | ADD TO WISHLIST                          | PASS    |             |
|              | ENTER ITEM                               | PASS    |             |
|              | SEARCH ITEM                              | PASS    |             |
|              | ADD TO WISHLIST                          | PASS    |             |
|              | GO TO WISHLIST                           | PASS    |             |
|              | MOVE TO CART                             | FAIL    |             |
|              | CLEANUP CART                             | PASS    |             |
|              | CLEANUP WISHLIST                         | PASS    |             |
|              | LOGOUT                                   | PASS    |             |
-----------------------------------------------------------------------------------
]]></system-out>
  </testcase>
  <testcase name="runScenario[&quot;Order&quot;, &quot;Order&quot;](21)" classname="TestRunner.TestRunner" time="41.759">
    <failure message="Exception in adding to wishlist" type="java.lang.AssertionError"><![CDATA[java.lang.AssertionError: Exception in adding to wishlist
	at org.testng.Assert.fail(Assert.java:110)
	at StepDefinitions.Wishlist.user_will_add_to_wishlist(Wishlist.java:41)
	at ✽.user will add to wishlist(file:///D:/Downloads/SelAssessment/Features/Order.feature:14)
]]></failure>
    <system-out><![CDATA[-----------------------------------------------------------------------------------
| ORDER        |                                                                  |
|              | HOMEPAGE                                 | PASS    |             |
|              | LOGIN                                    | PASS    |             |
|              | MENU BAR ITEM                            | PASS    |             |
|              | ENTER ITEM                               | PASS    |             |
|              | SEARCH ITEM                              | PASS    |             |
|              | ADD TO WISHLIST                          | FAIL    |             |
|              | CLEANUP CART                             | PASS    |             |
|              | CLEANUP WISHLIST                         | PASS    |             |
|              | LOGOUT                                   | PASS    |             |
-----------------------------------------------------------------------------------
]]></system-out>
  </testcase>
  <testcase name="runScenario[&quot;Search for the Item&quot;, &quot;Search for an Item&quot;](22)" classname="TestRunner.TestRunner" time="6.797">
    <failure message="The search items retrieved do not match for the item : sony" type="java.lang.AssertionError"><![CDATA[java.lang.AssertionError: The search items retrieved do not match for the item : sony
	at org.testng.Assert.fail(Assert.java:110)
	at StepDefinitions.Search.user_should_be_able_to_view_the_items(Search.java:81)
	at ✽.user should be able to view the items "sony"(file:///D:/Downloads/SelAssessment/Features/Search.feature:14)
]]></failure>
    <system-out><![CDATA[-----------------------------------------------------------------------------------
| SEARCH       |                                                                  |
|              | HOMEPAGE                                 | PASS    |             |
|              | MENU BAR ITEM                            | PASS    |             |
|              | SELECT CATEGORY                          | PASS    |             |
|              | ENTER ITEM                               | PASS    |             |
|              | SEARCH ITEM                              | PASS    |             |
|              | VALIDATE ON ITEM PAGE                    | PASS    |FAILURE      |
]]></system-out>
  </testcase>
  <testcase name="runScenario[&quot;Search for the Item&quot;, &quot;Search for an Item&quot;](23)" classname="TestRunner.TestRunner" time="6.949">
    <system-out><![CDATA[-----------------------------------------------------------------------------------
| SEARCH       |                                                                  |
|              | HOMEPAGE                                 | PASS    |             |
|              | MENU BAR ITEM                            | PASS    |             |
|              | SELECT CATEGORY                          | PASS    |             |
|              | ENTER ITEM                               | PASS    |             |
|              | SEARCH ITEM                              | PASS    |             |
|              | VALIDATE ON ITEM PAGE                    | PASS    |SUCCESS      |
]]></system-out>
  </testcase>
  <testcase name="runScenario[&quot;Search for the Item&quot;, &quot;Search for an Item&quot;](24)" classname="TestRunner.TestRunner" time="8.04">
    <system-out><![CDATA[-----------------------------------------------------------------------------------
| SEARCH       |                                                                  |
|              | HOMEPAGE                                 | PASS    |             |
|              | MENU BAR ITEM                            | PASS    |             |
|              | SELECT CATEGORY                          | PASS    |             |
|              | ENTER ITEM                               | PASS    |             |
|              | SEARCH ITEM                              | PASS    |             |
|              | VALIDATE ON ITEM PAGE                    | PASS    |SUCCESS      |
]]></system-out>
  </testcase>
  <testcase name="runScenario[&quot;Search for the Item&quot;, &quot;Search for an Item&quot;](25)" classname="TestRunner.TestRunner" time="14.954">
    <failure message="category could not be selected properly" type="java.lang.AssertionError"><![CDATA[java.lang.AssertionError: category could not be selected properly
	at org.testng.Assert.fail(Assert.java:110)
	at StepDefinitions.Search.user_selects_category_as(Search.java:32)
	at ✽.user selects category as "invalid"(file:///D:/Downloads/SelAssessment/Features/Search.feature:11)
]]></failure>
    <system-out><![CDATA[-----------------------------------------------------------------------------------
| SEARCH       |                                                                  |
|              | HOMEPAGE                                 | PASS    |             |
|              | MENU BAR ITEM                            | PASS    |             |
|              | SELECT CATEGORY                          | FAIL    |             |
]]></system-out>
  </testcase>
  <testcase name="runScenario[&quot;Search for the Item&quot;, &quot;Search for an Item&quot;](26)" classname="TestRunner.TestRunner" time="16.773">
    <failure message="The search items retrieved do not match for the item : invalid" type="java.lang.AssertionError"><![CDATA[java.lang.AssertionError: The search items retrieved do not match for the item : invalid
	at org.testng.Assert.fail(Assert.java:110)
	at StepDefinitions.Search.user_should_be_able_to_view_the_items(Search.java:81)
	at ✽.user should be able to view the items "invalid"(file:///D:/Downloads/SelAssessment/Features/Search.feature:14)
]]></failure>
    <system-out><![CDATA[-----------------------------------------------------------------------------------
| SEARCH       |                                                                  |
|              | HOMEPAGE                                 | PASS    |             |
|              | MENU BAR ITEM                            | PASS    |             |
|              | SELECT CATEGORY                          | PASS    |             |
|              | ENTER ITEM                               | PASS    |             |
|              | SEARCH ITEM                              | PASS    |             |
|              | VALIDATE ON ITEM PAGE                    | PASS    |FAILURE      |
]]></system-out>
  </testcase>
  <testcase name="runScenario[&quot;Search for the Item&quot;, &quot;Search for an Item&quot;](27)" classname="TestRunner.TestRunner" time="16.951">
    <failure message="The search items retrieved do not match for the item : " type="java.lang.AssertionError"><![CDATA[java.lang.AssertionError: The search items retrieved do not match for the item : 
	at org.testng.Assert.fail(Assert.java:110)
	at StepDefinitions.Search.user_should_be_able_to_view_the_items(Search.java:81)
	at ✽.user should be able to view the items ""(file:///D:/Downloads/SelAssessment/Features/Search.feature:14)
]]></failure>
    <system-out><![CDATA[-----------------------------------------------------------------------------------
| SEARCH       |                                                                  |
|              | HOMEPAGE                                 | PASS    |             |
|              | MENU BAR ITEM                            | PASS    |             |
|              | SELECT CATEGORY                          | PASS    |             |
|              | ENTER ITEM                               | PASS    |             |
|              | SEARCH ITEM                              | PASS    |             |
|              | VALIDATE ON ITEM PAGE                    | PASS    |FAILURE      |
]]></system-out>
  </testcase>
  <testcase name="runScenario[&quot;Wishlist&quot;, &quot;Wishlist&quot;](28)" classname="TestRunner.TestRunner" time="20.648">
    <system-out><![CDATA[-----------------------------------------------------------------------------------
| WISHLIST     |                                                                  |
|              | HOMEPAGE                                 | PASS    |             |
|              | LOGIN                                    | PASS    |             |
|              | MENU BAR ITEM                            | PASS    |             |
|              | ENTER ITEM                               | PASS    |             |
|              | SEARCH ITEM                              | PASS    |             |
|              | ADD TO WISHLIST                          | PASS    |             |
|              | ENTER ITEM                               | PASS    |             |
|              | SEARCH ITEM                              | PASS    |             |
|              | ADD TO WISHLIST                          | PASS    |             |
|              | VALIDATE ON WISHLIST                     | PASS    |SUCCESS      |
|              | UPDATE IN WISHLIST                       | PASS    |             |
|              | VALIDATE UPDATE IN WISHLIST              | PASS    |SUCCESS      |
|              | CLEANUP WISHLIST                         | PASS    |             |
|              | LOGOUT                                   | PASS    |             |
-----------------------------------------------------------------------------------
]]></system-out>
  </testcase>
  <testcase name="runScenario[&quot;Wishlist&quot;, &quot;Wishlist&quot;](29)" classname="TestRunner.TestRunner" time="17.498">
    <system-out><![CDATA[-----------------------------------------------------------------------------------
| WISHLIST     |                                                                  |
|              | HOMEPAGE                                 | PASS    |             |
|              | LOGIN                                    | PASS    |             |
|              | MENU BAR ITEM                            | PASS    |             |
|              | ENTER ITEM                               | PASS    |             |
|              | SEARCH ITEM                              | PASS    |             |
|              | ADD TO WISHLIST                          | PASS    |             |
|              | ENTER ITEM                               | PASS    |             |
|              | SEARCH ITEM                              | PASS    |             |
|              | ADD TO WISHLIST                          | PASS    |             |
|              | VALIDATE ON WISHLIST                     | PASS    |SUCCESS      |
|              | UPDATE IN WISHLIST                       | PASS    |             |
|              | VALIDATE UPDATE IN WISHLIST              | PASS    |SUCCESS      |
|              | CLEANUP WISHLIST                         | PASS    |             |
|              | LOGOUT                                   | PASS    |             |
-----------------------------------------------------------------------------------
]]></system-out>
  </testcase>
  <testcase name="runScenario[&quot;Wishlist&quot;, &quot;Wishlist&quot;](30)" classname="TestRunner.TestRunner" time="29.486">
    <failure message="Exception in adding to wishlist" type="java.lang.AssertionError"><![CDATA[java.lang.AssertionError: Exception in adding to wishlist
	at org.testng.Assert.fail(Assert.java:110)
	at StepDefinitions.Wishlist.user_will_add_to_wishlist(Wishlist.java:41)
	at ✽.user will add to wishlist(file:///D:/Downloads/SelAssessment/Features/Wishlisht.feature:13)
]]></failure>
    <system-out><![CDATA[-----------------------------------------------------------------------------------
| WISHLIST     |                                                                  |
|              | HOMEPAGE                                 | PASS    |             |
|              | LOGIN                                    | PASS    |             |
|              | MENU BAR ITEM                            | PASS    |             |
|              | ENTER ITEM                               | PASS    |             |
|              | SEARCH ITEM                              | PASS    |             |
|              | ADD TO WISHLIST                          | FAIL    |             |
|              | CLEANUP WISHLIST                         | PASS    |             |
|              | LOGOUT                                   | PASS    |             |
-----------------------------------------------------------------------------------
]]></system-out>
  </testcase>
  <testcase name="runScenario[&quot;Wishlist&quot;, &quot;Wishlist&quot;](31)" classname="TestRunner.TestRunner" time="29.35">
    <failure message="Exception in adding to wishlist" type="java.lang.AssertionError"><![CDATA[java.lang.AssertionError: Exception in adding to wishlist
	at org.testng.Assert.fail(Assert.java:110)
	at StepDefinitions.Wishlist.user_will_add_to_wishlist(Wishlist.java:41)
	at ✽.user will add to wishlist(file:///D:/Downloads/SelAssessment/Features/Wishlisht.feature:13)
]]></failure>
    <system-out><![CDATA[-----------------------------------------------------------------------------------
| WISHLIST     |                                                                  |
|              | HOMEPAGE                                 | PASS    |             |
|              | LOGIN                                    | PASS    |             |
|              | MENU BAR ITEM                            | PASS    |             |
|              | ENTER ITEM                               | PASS    |             |
|              | SEARCH ITEM                              | PASS    |             |
|              | ADD TO WISHLIST                          | FAIL    |             |
|              | CLEANUP WISHLIST                         | PASS    |             |
|              | LOGOUT                                   | PASS    |             |
-----------------------------------------------------------------------------------
]]></system-out>
  </testcase>
  <testcase name="runScenario[&quot;Wishlist&quot;, &quot;Wishlist&quot;](32)" classname="TestRunner.TestRunner" time="23.432">
    <failure message="Exception in adding to wishlist" type="java.lang.AssertionError"><![CDATA[java.lang.AssertionError: Exception in adding to wishlist
	at org.testng.Assert.fail(Assert.java:110)
	at StepDefinitions.Wishlist.user_will_add_to_wishlist(Wishlist.java:41)
	at ✽.user will add to wishlist(file:///D:/Downloads/SelAssessment/Features/Wishlisht.feature:16)
]]></failure>
    <system-out><![CDATA[-----------------------------------------------------------------------------------
| WISHLIST     |                                                                  |
|              | HOMEPAGE                                 | PASS    |             |
|              | LOGIN                                    | PASS    |             |
|              | MENU BAR ITEM                            | PASS    |             |
|              | ENTER ITEM                               | PASS    |             |
|              | SEARCH ITEM                              | PASS    |             |
|              | ADD TO WISHLIST                          | PASS    |             |
|              | ENTER ITEM                               | PASS    |             |
|              | SEARCH ITEM                              | PASS    |             |
|              | ADD TO WISHLIST                          | FAIL    |             |
|              | CLEANUP WISHLIST                         | PASS    |             |
|              | LOGOUT                                   | PASS    |             |
-----------------------------------------------------------------------------------
]]></system-out>
  </testcase>
</testsuite>